<?xml version="1.0" encoding="UTF-8"?>
<testsuite name="hello.hellospring.Service.MemberServiceItgrationTest" tests="2" skipped="0" failures="0" errors="0" timestamp="2021-03-04T11:35:13" hostname="USER-PC" time="0.927">
  <properties/>
  <testcase name="중복_회원_예외()" classname="hello.hellospring.Service.MemberServiceItgrationTest" time="0.887"/>
  <testcase name="회원가입()" classname="hello.hellospring.Service.MemberServiceItgrationTest" time="0.037"/>
  <system-out><![CDATA[20:35:02.273 [Test worker] DEBUG org.springframework.test.context.BootstrapUtils - Instantiating CacheAwareContextLoaderDelegate from class [org.springframework.test.context.cache.DefaultCacheAwareContextLoaderDelegate]
20:35:02.296 [Test worker] DEBUG org.springframework.test.context.BootstrapUtils - Instantiating BootstrapContext using constructor [public org.springframework.test.context.support.DefaultBootstrapContext(java.lang.Class,org.springframework.test.context.CacheAwareContextLoaderDelegate)]
20:35:02.349 [Test worker] DEBUG org.springframework.test.context.BootstrapUtils - Instantiating TestContextBootstrapper for test class [hello.hellospring.Service.MemberServiceItgrationTest] from class [org.springframework.boot.test.context.SpringBootTestContextBootstrapper]
20:35:02.387 [Test worker] INFO org.springframework.boot.test.context.SpringBootTestContextBootstrapper - Neither @ContextConfiguration nor @ContextHierarchy found for test class [hello.hellospring.Service.MemberServiceItgrationTest], using SpringBootContextLoader
20:35:02.398 [Test worker] DEBUG org.springframework.test.context.support.AbstractContextLoader - Did not detect default resource location for test class [hello.hellospring.Service.MemberServiceItgrationTest]: class path resource [hello/hellospring/Service/MemberServiceItgrationTest-context.xml] does not exist
20:35:02.400 [Test worker] DEBUG org.springframework.test.context.support.AbstractContextLoader - Did not detect default resource location for test class [hello.hellospring.Service.MemberServiceItgrationTest]: class path resource [hello/hellospring/Service/MemberServiceItgrationTestContext.groovy] does not exist
20:35:02.402 [Test worker] INFO org.springframework.test.context.support.AbstractContextLoader - Could not detect default resource locations for test class [hello.hellospring.Service.MemberServiceItgrationTest]: no resource found for suffixes {-context.xml, Context.groovy}.
20:35:02.404 [Test worker] INFO org.springframework.test.context.support.AnnotationConfigContextLoaderUtils - Could not detect default configuration classes for test class [hello.hellospring.Service.MemberServiceItgrationTest]: MemberServiceItgrationTest does not declare any static, non-private, non-final, nested classes annotated with @Configuration.
20:35:02.495 [Test worker] DEBUG org.springframework.test.context.support.ActiveProfilesUtils - Could not find an 'annotation declaring class' for annotation type [org.springframework.test.context.ActiveProfiles] and class [hello.hellospring.Service.MemberServiceItgrationTest]
20:35:02.629 [Test worker] DEBUG org.springframework.context.annotation.ClassPathScanningCandidateComponentProvider - Identified candidate component class: file [D:\hellospring\hellospring\build\classes\java\main\hello\hellospring\HellospringApplication.class]
20:35:02.638 [Test worker] INFO org.springframework.boot.test.context.SpringBootTestContextBootstrapper - Found @SpringBootConfiguration hello.hellospring.HellospringApplication for test class hello.hellospring.Service.MemberServiceItgrationTest
20:35:02.849 [Test worker] DEBUG org.springframework.boot.test.context.SpringBootTestContextBootstrapper - @TestExecutionListeners is not present for class [hello.hellospring.Service.MemberServiceItgrationTest]: using defaults.
20:35:02.850 [Test worker] INFO org.springframework.boot.test.context.SpringBootTestContextBootstrapper - Loaded default TestExecutionListener class names from location [META-INF/spring.factories]: [org.springframework.boot.test.autoconfigure.restdocs.RestDocsTestExecutionListener, org.springframework.boot.test.autoconfigure.web.client.MockRestServiceServerResetTestExecutionListener, org.springframework.boot.test.autoconfigure.web.servlet.MockMvcPrintOnlyOnFailureTestExecutionListener, org.springframework.boot.test.autoconfigure.web.servlet.WebDriverTestExecutionListener, org.springframework.boot.test.autoconfigure.webservices.client.MockWebServiceServerTestExecutionListener, org.springframework.boot.test.mock.mockito.MockitoTestExecutionListener, org.springframework.boot.test.mock.mockito.ResetMocksTestExecutionListener, org.springframework.test.context.web.ServletTestExecutionListener, org.springframework.test.context.support.DirtiesContextBeforeModesTestExecutionListener, org.springframework.test.context.support.DependencyInjectionTestExecutionListener, org.springframework.test.context.support.DirtiesContextTestExecutionListener, org.springframework.test.context.transaction.TransactionalTestExecutionListener, org.springframework.test.context.jdbc.SqlScriptsTestExecutionListener, org.springframework.test.context.event.EventPublishingTestExecutionListener]
20:35:02.885 [Test worker] INFO org.springframework.boot.test.context.SpringBootTestContextBootstrapper - Using TestExecutionListeners: [org.springframework.test.context.web.ServletTestExecutionListener@6d9c4ad4, org.springframework.test.context.support.DirtiesContextBeforeModesTestExecutionListener@5fdd3741, org.springframework.boot.test.mock.mockito.MockitoTestExecutionListener@299be918, org.springframework.boot.test.autoconfigure.SpringBootDependencyInjectionTestExecutionListener@241d1698, org.springframework.test.context.support.DirtiesContextTestExecutionListener@2b583225, org.springframework.test.context.transaction.TransactionalTestExecutionListener@1d897f30, org.springframework.test.context.jdbc.SqlScriptsTestExecutionListener@6bac86b0, org.springframework.test.context.event.EventPublishingTestExecutionListener@27c9e48b, org.springframework.boot.test.autoconfigure.restdocs.RestDocsTestExecutionListener@4d6a334d, org.springframework.boot.test.autoconfigure.web.client.MockRestServiceServerResetTestExecutionListener@1b4cb52f, org.springframework.boot.test.autoconfigure.web.servlet.MockMvcPrintOnlyOnFailureTestExecutionListener@145a29f0, org.springframework.boot.test.autoconfigure.web.servlet.WebDriverTestExecutionListener@7cdf6a4c, org.springframework.boot.test.autoconfigure.webservices.client.MockWebServiceServerTestExecutionListener@6033dec1, org.springframework.boot.test.mock.mockito.ResetMocksTestExecutionListener@1ea8ea25]
20:35:02.897 [Test worker] DEBUG org.springframework.test.context.support.AbstractDirtiesContextTestExecutionListener - Before test class: context [DefaultTestContext@1f6843be testClass = MemberServiceItgrationTest, testInstance = [null], testMethod = [null], testException = [null], mergedContextConfiguration = [WebMergedContextConfiguration@5ed1353 testClass = MemberServiceItgrationTest, locations = '{}', classes = '{class hello.hellospring.HellospringApplication}', contextInitializerClasses = '[]', activeProfiles = '{}', propertySourceLocations = '{}', propertySourceProperties = '{org.springframework.boot.test.context.SpringBootTestContextBootstrapper=true}', contextCustomizers = set[org.springframework.boot.test.autoconfigure.properties.PropertyMappingContextCustomizer@0, org.springframework.boot.test.autoconfigure.web.servlet.WebDriverContextCustomizerFactory$Customizer@135cb09a, org.springframework.boot.test.context.filter.ExcludeFilterContextCustomizer@4c220582, org.springframework.boot.test.json.DuplicateJsonObjectContextCustomizerFactory$DuplicateJsonObjectContextCustomizer@5db27b3e, org.springframework.boot.test.mock.mockito.MockitoContextCustomizer@0, org.springframework.boot.test.web.client.TestRestTemplateContextCustomizer@418bdd1f, org.springframework.boot.test.context.SpringBootTestArgs@1, org.springframework.boot.test.context.SpringBootTestWebEnvironment@10618e1b], resourceBasePath = 'src/main/webapp', contextLoader = 'org.springframework.boot.test.context.SpringBootContextLoader', parent = [null]], attributes = map['org.springframework.test.context.web.ServletTestExecutionListener.activateListener' -> true]], class annotated with @DirtiesContext [false] with mode [null].
20:35:02.964 [Test worker] DEBUG org.springframework.test.context.support.TestPropertySourceUtils - Adding inlined properties to environment: {spring.jmx.enabled=false, org.springframework.boot.test.context.SpringBootTestContextBootstrapper=true}

  .   ____          _            __ _ _
 /\\ / ___'_ __ _ _(_)_ __  __ _ \ \ \ \
( ( )\___ | '_ | '_| | '_ \/ _` | \ \ \ \
 \\/  ___)| |_)| | | | | || (_| |  ) ) ) )
  '  |____| .__|_| |_|_| |_\__, | / / / /
 =========|_|==============|___/=/_/_/_/
 :: Spring Boot ::        (v2.3.8.RELEASE)

2021-03-04 20:35:03.853  INFO 266392 --- [    Test worker] h.h.Service.MemberServiceItgrationTest   : Starting MemberServiceItgrationTest on user-pc with PID 266392 (started by user in D:\hellospring\hellospring)
2021-03-04 20:35:03.856  INFO 266392 --- [    Test worker] h.h.Service.MemberServiceItgrationTest   : No active profile set, falling back to default profiles: default
2021-03-04 20:35:05.851  INFO 266392 --- [    Test worker] .s.d.r.c.RepositoryConfigurationDelegate : Bootstrapping Spring Data JPA repositories in DEFAULT mode.
2021-03-04 20:35:05.970  INFO 266392 --- [    Test worker] .s.d.r.c.RepositoryConfigurationDelegate : Finished Spring Data repository scanning in 105ms. Found 1 JPA repository interfaces.
2021-03-04 20:35:07.484  INFO 266392 --- [    Test worker] com.zaxxer.hikari.HikariDataSource       : HikariPool-1 - Starting...
2021-03-04 20:35:07.691  INFO 266392 --- [    Test worker] com.zaxxer.hikari.HikariDataSource       : HikariPool-1 - Start completed.
2021-03-04 20:35:07.916  INFO 266392 --- [    Test worker] o.hibernate.jpa.internal.util.LogHelper  : HHH000204: Processing PersistenceUnitInfo [name: default]
2021-03-04 20:35:08.048  INFO 266392 --- [    Test worker] org.hibernate.Version                    : HHH000412: Hibernate ORM core version 5.4.27.Final
2021-03-04 20:35:08.337  INFO 266392 --- [    Test worker] o.hibernate.annotations.common.Version   : HCANN000001: Hibernate Commons Annotations {5.1.2.Final}
2021-03-04 20:35:08.619  INFO 266392 --- [    Test worker] org.hibernate.dialect.Dialect            : HHH000400: Using dialect: org.hibernate.dialect.H2Dialect
Hibernate: drop table if exists member CASCADE 
Hibernate: create table member (id bigint generated by default as identity, name varchar(255), primary key (id))
2021-03-04 20:35:09.793  INFO 266392 --- [    Test worker] o.h.e.t.j.p.i.JtaPlatformInitiator       : HHH000490: Using JtaPlatform implementation: [org.hibernate.engine.transaction.jta.platform.internal.NoJtaPlatform]
2021-03-04 20:35:09.807  INFO 266392 --- [    Test worker] j.LocalContainerEntityManagerFactoryBean : Initialized JPA EntityManagerFactory for persistence unit 'default'
2021-03-04 20:35:11.168  WARN 266392 --- [    Test worker] JpaBaseConfiguration$JpaWebConfiguration : spring.jpa.open-in-view is enabled by default. Therefore, database queries may be performed during view rendering. Explicitly configure spring.jpa.open-in-view to disable this warning
2021-03-04 20:35:11.915  INFO 266392 --- [    Test worker] o.s.s.concurrent.ThreadPoolTaskExecutor  : Initializing ExecutorService 'applicationTaskExecutor'
2021-03-04 20:35:12.314  INFO 266392 --- [    Test worker] o.s.b.a.w.s.WelcomePageHandlerMapping    : Adding welcome page: class path resource [static/index.html]
2021-03-04 20:35:13.004  INFO 266392 --- [    Test worker] h.h.Service.MemberServiceItgrationTest   : Started MemberServiceItgrationTest in 10.014 seconds (JVM running for 12.818)
2021-03-04 20:35:13.088  INFO 266392 --- [    Test worker] o.s.t.c.transaction.TransactionContext   : Began transaction (1) for test context [DefaultTestContext@1f6843be testClass = MemberServiceItgrationTest, testInstance = hello.hellospring.Service.MemberServiceItgrationTest@3006b7bf, testMethod = 중복_회원_예외@MemberServiceItgrationTest, testException = [null], mergedContextConfiguration = [WebMergedContextConfiguration@5ed1353 testClass = MemberServiceItgrationTest, locations = '{}', classes = '{class hello.hellospring.HellospringApplication}', contextInitializerClasses = '[]', activeProfiles = '{}', propertySourceLocations = '{}', propertySourceProperties = '{org.springframework.boot.test.context.SpringBootTestContextBootstrapper=true}', contextCustomizers = set[org.springframework.boot.test.autoconfigure.properties.PropertyMappingContextCustomizer@0, org.springframework.boot.test.autoconfigure.web.servlet.WebDriverContextCustomizerFactory$Customizer@135cb09a, org.springframework.boot.test.context.filter.ExcludeFilterContextCustomizer@4c220582, org.springframework.boot.test.json.DuplicateJsonObjectContextCustomizerFactory$DuplicateJsonObjectContextCustomizer@5db27b3e, org.springframework.boot.test.mock.mockito.MockitoContextCustomizer@0, org.springframework.boot.test.web.client.TestRestTemplateContextCustomizer@418bdd1f, org.springframework.boot.test.context.SpringBootTestArgs@1, org.springframework.boot.test.context.SpringBootTestWebEnvironment@10618e1b], resourceBasePath = 'src/main/webapp', contextLoader = 'org.springframework.boot.test.context.SpringBootContextLoader', parent = [null]], attributes = map['org.springframework.test.context.web.ServletTestExecutionListener.activateListener' -> true, 'org.springframework.test.context.web.ServletTestExecutionListener.populatedRequestContextHolder' -> true, 'org.springframework.test.context.web.ServletTestExecutionListener.resetRequestContextHolder' -> true]]; transaction manager [org.springframework.orm.jpa.JpaTransactionManager@181e00]; rollback [true]
Hibernate: select member0_.id as id1_0_, member0_.name as name2_0_ from member member0_ where member0_.name=?
Hibernate: insert into member (id, name) values (null, ?)
join = 387ms
Hibernate: select member0_.id as id1_0_, member0_.name as name2_0_ from member member0_ where member0_.name=?
join = 22ms
2021-03-04 20:35:13.942  INFO 266392 --- [    Test worker] o.s.t.c.transaction.TransactionContext   : Rolled back transaction for test: [DefaultTestContext@1f6843be testClass = MemberServiceItgrationTest, testInstance = hello.hellospring.Service.MemberServiceItgrationTest@3006b7bf, testMethod = 중복_회원_예외@MemberServiceItgrationTest, testException = [null], mergedContextConfiguration = [WebMergedContextConfiguration@5ed1353 testClass = MemberServiceItgrationTest, locations = '{}', classes = '{class hello.hellospring.HellospringApplication}', contextInitializerClasses = '[]', activeProfiles = '{}', propertySourceLocations = '{}', propertySourceProperties = '{org.springframework.boot.test.context.SpringBootTestContextBootstrapper=true}', contextCustomizers = set[org.springframework.boot.test.autoconfigure.properties.PropertyMappingContextCustomizer@0, org.springframework.boot.test.autoconfigure.web.servlet.WebDriverContextCustomizerFactory$Customizer@135cb09a, org.springframework.boot.test.context.filter.ExcludeFilterContextCustomizer@4c220582, org.springframework.boot.test.json.DuplicateJsonObjectContextCustomizerFactory$DuplicateJsonObjectContextCustomizer@5db27b3e, org.springframework.boot.test.mock.mockito.MockitoContextCustomizer@0, org.springframework.boot.test.web.client.TestRestTemplateContextCustomizer@418bdd1f, org.springframework.boot.test.context.SpringBootTestArgs@1, org.springframework.boot.test.context.SpringBootTestWebEnvironment@10618e1b], resourceBasePath = 'src/main/webapp', contextLoader = 'org.springframework.boot.test.context.SpringBootContextLoader', parent = [null]], attributes = map['org.springframework.test.context.web.ServletTestExecutionListener.activateListener' -> true, 'org.springframework.test.context.web.ServletTestExecutionListener.populatedRequestContextHolder' -> true, 'org.springframework.test.context.web.ServletTestExecutionListener.resetRequestContextHolder' -> true]]
2021-03-04 20:35:13.959  INFO 266392 --- [    Test worker] o.s.t.c.transaction.TransactionContext   : Began transaction (1) for test context [DefaultTestContext@1f6843be testClass = MemberServiceItgrationTest, testInstance = hello.hellospring.Service.MemberServiceItgrationTest@499205cb, testMethod = 회원가입@MemberServiceItgrationTest, testException = [null], mergedContextConfiguration = [WebMergedContextConfiguration@5ed1353 testClass = MemberServiceItgrationTest, locations = '{}', classes = '{class hello.hellospring.HellospringApplication}', contextInitializerClasses = '[]', activeProfiles = '{}', propertySourceLocations = '{}', propertySourceProperties = '{org.springframework.boot.test.context.SpringBootTestContextBootstrapper=true}', contextCustomizers = set[org.springframework.boot.test.autoconfigure.properties.PropertyMappingContextCustomizer@0, org.springframework.boot.test.autoconfigure.web.servlet.WebDriverContextCustomizerFactory$Customizer@135cb09a, org.springframework.boot.test.context.filter.ExcludeFilterContextCustomizer@4c220582, org.springframework.boot.test.json.DuplicateJsonObjectContextCustomizerFactory$DuplicateJsonObjectContextCustomizer@5db27b3e, org.springframework.boot.test.mock.mockito.MockitoContextCustomizer@0, org.springframework.boot.test.web.client.TestRestTemplateContextCustomizer@418bdd1f, org.springframework.boot.test.context.SpringBootTestArgs@1, org.springframework.boot.test.context.SpringBootTestWebEnvironment@10618e1b], resourceBasePath = 'src/main/webapp', contextLoader = 'org.springframework.boot.test.context.SpringBootContextLoader', parent = [null]], attributes = map['org.springframework.test.context.web.ServletTestExecutionListener.activateListener' -> true, 'org.springframework.test.context.web.ServletTestExecutionListener.populatedRequestContextHolder' -> true, 'org.springframework.test.context.web.ServletTestExecutionListener.resetRequestContextHolder' -> true]]; transaction manager [org.springframework.orm.jpa.JpaTransactionManager@181e00]; rollback [true]
Hibernate: select member0_.id as id1_0_, member0_.name as name2_0_ from member member0_ where member0_.name=?
Hibernate: insert into member (id, name) values (null, ?)
join = 4ms
2021-03-04 20:35:13.989  INFO 266392 --- [    Test worker] o.s.t.c.transaction.TransactionContext   : Rolled back transaction for test: [DefaultTestContext@1f6843be testClass = MemberServiceItgrationTest, testInstance = hello.hellospring.Service.MemberServiceItgrationTest@499205cb, testMethod = 회원가입@MemberServiceItgrationTest, testException = [null], mergedContextConfiguration = [WebMergedContextConfiguration@5ed1353 testClass = MemberServiceItgrationTest, locations = '{}', classes = '{class hello.hellospring.HellospringApplication}', contextInitializerClasses = '[]', activeProfiles = '{}', propertySourceLocations = '{}', propertySourceProperties = '{org.springframework.boot.test.context.SpringBootTestContextBootstrapper=true}', contextCustomizers = set[org.springframework.boot.test.autoconfigure.properties.PropertyMappingContextCustomizer@0, org.springframework.boot.test.autoconfigure.web.servlet.WebDriverContextCustomizerFactory$Customizer@135cb09a, org.springframework.boot.test.context.filter.ExcludeFilterContextCustomizer@4c220582, org.springframework.boot.test.json.DuplicateJsonObjectContextCustomizerFactory$DuplicateJsonObjectContextCustomizer@5db27b3e, org.springframework.boot.test.mock.mockito.MockitoContextCustomizer@0, org.springframework.boot.test.web.client.TestRestTemplateContextCustomizer@418bdd1f, org.springframework.boot.test.context.SpringBootTestArgs@1, org.springframework.boot.test.context.SpringBootTestWebEnvironment@10618e1b], resourceBasePath = 'src/main/webapp', contextLoader = 'org.springframework.boot.test.context.SpringBootContextLoader', parent = [null]], attributes = map['org.springframework.test.context.web.ServletTestExecutionListener.activateListener' -> true, 'org.springframework.test.context.web.ServletTestExecutionListener.populatedRequestContextHolder' -> true, 'org.springframework.test.context.web.ServletTestExecutionListener.resetRequestContextHolder' -> true]]
]]></system-out>
  <system-err><![CDATA[]]></system-err>
</testsuite>
